2023-11-23 14:22:10,582 CRIT Supervisor is running as root.  Privileges were not dropped because no user is specified in the config file.  If you intend to run as root, you can set user=root in the config file to avoid this message.
2023-11-23 14:22:10,590 INFO supervisord started with pid 1
2023-11-23 14:22:11,593 INFO spawned: 'dspaceAngular' with pid 8
2023-11-23 14:22:13,253 INFO success: dspaceAngular entered RUNNING state, process has stayed up for > than 1 seconds (startsecs)
2023-11-23 14:29:59,497 WARN received SIGTERM indicating exit request
2023-11-23 14:29:59,498 INFO waiting for dspaceAngular to die
2023-11-23 14:29:59,517 INFO stopped: dspaceAngular (terminated by SIGTERM)
2023-11-23 14:29:59,517 INFO reaped unknown pid 38
2023-11-23 14:29:59,517 INFO reaped unknown pid 9
2023-11-23 14:29:59,517 INFO reaped unknown pid 37
2023-11-23 14:30:00,642 CRIT Supervisor is running as root.  Privileges were not dropped because no user is specified in the config file.  If you intend to run as root, you can set user=root in the config file to avoid this message.
2023-11-23 14:30:00,645 INFO supervisord started with pid 1
2023-11-23 14:30:01,648 INFO spawned: 'dspaceAngular' with pid 9
2023-11-23 14:30:02,789 INFO success: dspaceAngular entered RUNNING state, process has stayed up for > than 1 seconds (startsecs)
2023-11-23 17:42:38,740 WARN received SIGTERM indicating exit request
2023-11-23 17:42:38,741 INFO waiting for dspaceAngular to die
2023-11-23 17:42:38,775 INFO stopped: dspaceAngular (terminated by SIGTERM)
2023-11-23 17:42:38,775 INFO reaped unknown pid 39
2023-11-23 17:42:38,775 INFO reaped unknown pid 10
2023-11-23 17:42:38,775 INFO reaped unknown pid 38
2023-11-23 17:42:40,006 CRIT Supervisor is running as root.  Privileges were not dropped because no user is specified in the config file.  If you intend to run as root, you can set user=root in the config file to avoid this message.
2023-11-23 17:42:40,009 INFO supervisord started with pid 1
2023-11-23 17:42:41,011 INFO spawned: 'dspaceAngular' with pid 8
2023-11-23 17:42:42,271 INFO success: dspaceAngular entered RUNNING state, process has stayed up for > than 1 seconds (startsecs)
2023-11-23 17:53:02,628 WARN received SIGTERM indicating exit request
2023-11-23 17:53:02,630 INFO waiting for dspaceAngular to die
2023-11-23 17:53:02,658 INFO stopped: dspaceAngular (terminated by SIGTERM)
2023-11-23 17:53:02,659 INFO reaped unknown pid 38
2023-11-23 17:53:02,659 INFO reaped unknown pid 9
2023-11-23 17:53:02,659 INFO reaped unknown pid 37
2023-11-23 17:53:04,438 CRIT Supervisor is running as root.  Privileges were not dropped because no user is specified in the config file.  If you intend to run as root, you can set user=root in the config file to avoid this message.
2023-11-23 17:53:04,443 INFO supervisord started with pid 1
2023-11-23 17:53:05,446 INFO spawned: 'dspaceAngular' with pid 8
2023-11-23 17:53:06,773 INFO success: dspaceAngular entered RUNNING state, process has stayed up for > than 1 seconds (startsecs)
2023-11-23 18:42:48,905 WARN received SIGTERM indicating exit request
2023-11-23 18:42:48,906 INFO waiting for dspaceAngular to die
2023-11-23 18:42:48,931 INFO stopped: dspaceAngular (terminated by SIGTERM)
2023-11-23 18:42:48,931 INFO reaped unknown pid 38
2023-11-23 18:42:48,931 INFO reaped unknown pid 9
2023-11-23 18:42:48,931 INFO reaped unknown pid 37
2023-11-23 18:42:50,612 CRIT Supervisor is running as root.  Privileges were not dropped because no user is specified in the config file.  If you intend to run as root, you can set user=root in the config file to avoid this message.
2023-11-23 18:42:50,617 INFO supervisord started with pid 1
2023-11-23 18:42:51,621 INFO spawned: 'dspaceAngular' with pid 8
2023-11-23 18:42:53,068 INFO success: dspaceAngular entered RUNNING state, process has stayed up for > than 1 seconds (startsecs)
2023-11-23 18:52:26,399 WARN received SIGTERM indicating exit request
2023-11-23 18:52:26,400 INFO waiting for dspaceAngular to die
2023-11-23 18:52:26,424 INFO stopped: dspaceAngular (terminated by SIGTERM)
2023-11-23 18:52:26,424 INFO reaped unknown pid 38
2023-11-23 18:52:26,424 INFO reaped unknown pid 9
2023-11-23 18:52:26,424 INFO reaped unknown pid 37
2023-11-23 18:52:28,087 CRIT Supervisor is running as root.  Privileges were not dropped because no user is specified in the config file.  If you intend to run as root, you can set user=root in the config file to avoid this message.
2023-11-23 18:52:28,093 INFO supervisord started with pid 1
2023-11-23 18:52:29,096 INFO spawned: 'dspaceAngular' with pid 8
2023-11-23 18:52:30,373 INFO success: dspaceAngular entered RUNNING state, process has stayed up for > than 1 seconds (startsecs)
2023-11-25 10:05:54,116 WARN received SIGTERM indicating exit request
2023-11-25 10:05:54,123 INFO waiting for dspaceAngular to die
2023-11-25 10:05:54,171 INFO stopped: dspaceAngular (terminated by SIGTERM)
2023-11-25 10:05:54,171 INFO reaped unknown pid 38
2023-11-25 10:05:54,171 INFO reaped unknown pid 9
2023-11-25 10:05:54,171 INFO reaped unknown pid 37
2023-11-25 10:05:55,837 CRIT Supervisor is running as root.  Privileges were not dropped because no user is specified in the config file.  If you intend to run as root, you can set user=root in the config file to avoid this message.
2023-11-25 10:05:55,845 INFO supervisord started with pid 1
2023-11-25 10:05:56,847 INFO spawned: 'dspaceAngular' with pid 8
2023-11-25 10:05:58,264 INFO success: dspaceAngular entered RUNNING state, process has stayed up for > than 1 seconds (startsecs)
2023-11-25 10:35:15,751 WARN received SIGTERM indicating exit request
2023-11-25 10:35:15,752 INFO waiting for dspaceAngular to die
2023-11-25 10:35:15,774 INFO stopped: dspaceAngular (terminated by SIGTERM)
2023-11-25 10:35:15,774 INFO reaped unknown pid 38
2023-11-25 10:35:15,774 INFO reaped unknown pid 9
2023-11-25 10:35:15,774 INFO reaped unknown pid 37
2023-11-25 10:35:17,320 CRIT Supervisor is running as root.  Privileges were not dropped because no user is specified in the config file.  If you intend to run as root, you can set user=root in the config file to avoid this message.
2023-11-25 10:35:17,326 INFO supervisord started with pid 1
2023-11-25 10:35:18,329 INFO spawned: 'dspaceAngular' with pid 8
2023-11-25 10:35:19,535 INFO success: dspaceAngular entered RUNNING state, process has stayed up for > than 1 seconds (startsecs)
2023-11-25 11:01:52,294 WARN received SIGTERM indicating exit request
2023-11-25 11:01:52,296 INFO waiting for dspaceAngular to die
2023-11-25 11:01:52,322 INFO stopped: dspaceAngular (terminated by SIGTERM)
2023-11-25 11:01:52,322 INFO reaped unknown pid 38
2023-11-25 11:01:52,322 INFO reaped unknown pid 9
2023-11-25 11:01:52,322 INFO reaped unknown pid 37
2023-11-25 11:01:53,922 CRIT Supervisor is running as root.  Privileges were not dropped because no user is specified in the config file.  If you intend to run as root, you can set user=root in the config file to avoid this message.
2023-11-25 11:01:53,930 INFO supervisord started with pid 1
2023-11-25 11:01:54,934 INFO spawned: 'dspaceAngular' with pid 8
2023-11-25 11:01:56,230 INFO success: dspaceAngular entered RUNNING state, process has stayed up for > than 1 seconds (startsecs)
2023-11-25 11:19:12,803 WARN received SIGTERM indicating exit request
2023-11-25 11:19:12,804 INFO waiting for dspaceAngular to die
2023-11-25 11:19:12,826 INFO stopped: dspaceAngular (terminated by SIGTERM)
2023-11-25 11:19:12,826 INFO reaped unknown pid 38
2023-11-25 11:19:12,826 INFO reaped unknown pid 9
2023-11-25 11:19:12,826 INFO reaped unknown pid 37
2023-11-25 11:19:14,403 CRIT Supervisor is running as root.  Privileges were not dropped because no user is specified in the config file.  If you intend to run as root, you can set user=root in the config file to avoid this message.
2023-11-25 11:19:14,410 INFO supervisord started with pid 1
2023-11-25 11:19:15,412 INFO spawned: 'dspaceAngular' with pid 8
2023-11-25 11:19:16,634 INFO success: dspaceAngular entered RUNNING state, process has stayed up for > than 1 seconds (startsecs)
2023-11-25 11:59:15,656 WARN received SIGTERM indicating exit request
2023-11-25 11:59:15,656 INFO waiting for dspaceAngular to die
2023-11-25 11:59:15,671 INFO stopped: dspaceAngular (terminated by SIGTERM)
2023-11-25 11:59:15,671 INFO reaped unknown pid 38
2023-11-25 11:59:15,671 INFO reaped unknown pid 9
2023-11-25 11:59:15,671 INFO reaped unknown pid 37
2023-11-25 11:59:16,543 CRIT Supervisor is running as root.  Privileges were not dropped because no user is specified in the config file.  If you intend to run as root, you can set user=root in the config file to avoid this message.
2023-11-25 11:59:16,545 INFO supervisord started with pid 1
2023-11-25 11:59:17,547 INFO spawned: 'dspaceAngular' with pid 8
2023-11-25 11:59:18,672 INFO success: dspaceAngular entered RUNNING state, process has stayed up for > than 1 seconds (startsecs)
2023-11-25 12:09:24,501 WARN received SIGTERM indicating exit request
2023-11-25 12:09:24,502 INFO waiting for dspaceAngular to die
2023-11-25 12:09:24,524 INFO stopped: dspaceAngular (terminated by SIGTERM)
2023-11-25 12:09:24,524 INFO reaped unknown pid 38
2023-11-25 12:09:24,524 INFO reaped unknown pid 9
2023-11-25 12:09:24,524 INFO reaped unknown pid 37
2023-11-25 12:09:26,038 CRIT Supervisor is running as root.  Privileges were not dropped because no user is specified in the config file.  If you intend to run as root, you can set user=root in the config file to avoid this message.
2023-11-25 12:09:26,044 INFO supervisord started with pid 1
2023-11-25 12:09:27,046 INFO spawned: 'dspaceAngular' with pid 8
2023-11-25 12:09:28,260 INFO success: dspaceAngular entered RUNNING state, process has stayed up for > than 1 seconds (startsecs)
2023-11-25 12:17:19,530 WARN received SIGTERM indicating exit request
2023-11-25 12:17:19,531 INFO waiting for dspaceAngular to die
2023-11-25 12:17:19,551 INFO stopped: dspaceAngular (terminated by SIGTERM)
2023-11-25 12:17:19,551 INFO reaped unknown pid 38
2023-11-25 12:17:19,551 INFO reaped unknown pid 9
2023-11-25 12:17:19,551 INFO reaped unknown pid 37
2023-11-25 12:17:21,160 CRIT Supervisor is running as root.  Privileges were not dropped because no user is specified in the config file.  If you intend to run as root, you can set user=root in the config file to avoid this message.
2023-11-25 12:17:21,166 INFO supervisord started with pid 1
2023-11-25 12:17:22,169 INFO spawned: 'dspaceAngular' with pid 8
2023-11-25 12:17:23,394 INFO success: dspaceAngular entered RUNNING state, process has stayed up for > than 1 seconds (startsecs)
2023-11-25 17:02:47,271 WARN received SIGTERM indicating exit request
2023-11-25 17:02:47,272 INFO waiting for dspaceAngular to die
2023-11-25 17:02:47,291 INFO stopped: dspaceAngular (terminated by SIGTERM)
2023-11-25 17:02:47,291 INFO reaped unknown pid 38
2023-11-25 17:02:47,291 INFO reaped unknown pid 9
2023-11-25 17:02:47,291 INFO reaped unknown pid 37
2023-11-25 17:02:48,974 CRIT Supervisor is running as root.  Privileges were not dropped because no user is specified in the config file.  If you intend to run as root, you can set user=root in the config file to avoid this message.
2023-11-25 17:02:48,979 INFO supervisord started with pid 1
2023-11-25 17:02:49,983 INFO spawned: 'dspaceAngular' with pid 8
2023-11-25 17:02:51,376 INFO success: dspaceAngular entered RUNNING state, process has stayed up for > than 1 seconds (startsecs)
2023-11-26 20:35:50,323 WARN received SIGTERM indicating exit request
2023-11-26 20:35:50,341 INFO waiting for dspaceAngular to die
2023-11-26 20:35:50,439 INFO stopped: dspaceAngular (terminated by SIGTERM)
2023-11-26 20:35:50,439 INFO reaped unknown pid 38
2023-11-26 20:35:50,439 INFO reaped unknown pid 9
2023-11-26 20:35:50,439 INFO reaped unknown pid 37
2023-11-26 20:35:52,242 CRIT Supervisor is running as root.  Privileges were not dropped because no user is specified in the config file.  If you intend to run as root, you can set user=root in the config file to avoid this message.
2023-11-26 20:35:52,254 INFO supervisord started with pid 1
2023-11-26 20:35:53,255 INFO spawned: 'dspaceAngular' with pid 7
2023-11-26 20:35:54,977 INFO success: dspaceAngular entered RUNNING state, process has stayed up for > than 1 seconds (startsecs)
2023-11-26 21:45:06,776 WARN received SIGTERM indicating exit request
2023-11-26 21:45:06,787 INFO waiting for dspaceAngular to die
2023-11-26 21:45:06,909 INFO stopped: dspaceAngular (terminated by SIGTERM)
2023-11-26 21:45:06,909 INFO reaped unknown pid 37
2023-11-26 21:45:06,909 INFO reaped unknown pid 8
2023-11-26 21:45:06,909 INFO reaped unknown pid 36
2023-11-26 21:45:08,333 CRIT Supervisor is running as root.  Privileges were not dropped because no user is specified in the config file.  If you intend to run as root, you can set user=root in the config file to avoid this message.
2023-11-26 21:45:08,338 INFO supervisord started with pid 1
2023-11-26 21:45:09,340 INFO spawned: 'dspaceAngular' with pid 8
2023-11-26 21:45:10,751 INFO success: dspaceAngular entered RUNNING state, process has stayed up for > than 1 seconds (startsecs)
2023-11-26 21:51:22,475 WARN received SIGTERM indicating exit request
2023-11-26 21:51:22,475 INFO waiting for dspaceAngular to die
2023-11-26 21:51:22,491 INFO stopped: dspaceAngular (terminated by SIGTERM)
2023-11-26 21:51:22,491 INFO reaped unknown pid 38
2023-11-26 21:51:22,491 INFO reaped unknown pid 9
2023-11-26 21:51:22,491 INFO reaped unknown pid 37
2023-11-26 21:51:23,883 CRIT Supervisor is running as root.  Privileges were not dropped because no user is specified in the config file.  If you intend to run as root, you can set user=root in the config file to avoid this message.
2023-11-26 21:51:23,887 INFO supervisord started with pid 1
2023-11-26 21:51:24,889 INFO spawned: 'dspaceAngular' with pid 9
2023-11-26 21:51:26,367 INFO success: dspaceAngular entered RUNNING state, process has stayed up for > than 1 seconds (startsecs)
2023-11-26 22:05:55,411 WARN received SIGTERM indicating exit request
2023-11-26 22:05:55,419 INFO waiting for dspaceAngular to die
2023-11-26 22:05:55,432 INFO stopped: dspaceAngular (terminated by SIGTERM)
2023-11-26 22:05:55,432 INFO reaped unknown pid 39
2023-11-26 22:05:55,433 INFO reaped unknown pid 10
2023-11-26 22:05:55,433 INFO reaped unknown pid 38
2023-11-26 22:05:57,220 CRIT Supervisor is running as root.  Privileges were not dropped because no user is specified in the config file.  If you intend to run as root, you can set user=root in the config file to avoid this message.
2023-11-26 22:05:57,224 INFO supervisord started with pid 1
2023-11-26 22:05:58,227 INFO spawned: 'dspaceAngular' with pid 8
2023-11-26 22:05:59,667 INFO success: dspaceAngular entered RUNNING state, process has stayed up for > than 1 seconds (startsecs)
2023-11-26 22:11:14,350 WARN received SIGTERM indicating exit request
2023-11-26 22:11:14,360 INFO waiting for dspaceAngular to die
2023-11-26 22:11:14,372 INFO stopped: dspaceAngular (terminated by SIGTERM)
2023-11-26 22:11:14,372 INFO reaped unknown pid 38
2023-11-26 22:11:14,373 INFO reaped unknown pid 9
2023-11-26 22:11:14,373 INFO reaped unknown pid 37
2023-11-26 22:11:15,843 CRIT Supervisor is running as root.  Privileges were not dropped because no user is specified in the config file.  If you intend to run as root, you can set user=root in the config file to avoid this message.
2023-11-26 22:11:15,846 INFO supervisord started with pid 1
2023-11-26 22:11:16,849 INFO spawned: 'dspaceAngular' with pid 8
2023-11-26 22:11:18,455 INFO success: dspaceAngular entered RUNNING state, process has stayed up for > than 1 seconds (startsecs)
2023-11-26 22:14:22,172 WARN received SIGTERM indicating exit request
2023-11-26 22:14:22,173 INFO waiting for dspaceAngular to die
2023-11-26 22:14:22,191 INFO stopped: dspaceAngular (terminated by SIGTERM)
2023-11-26 22:14:22,191 INFO reaped unknown pid 38
2023-11-26 22:14:22,191 INFO reaped unknown pid 9
2023-11-26 22:14:22,191 INFO reaped unknown pid 37
2023-11-26 22:14:23,421 CRIT Supervisor is running as root.  Privileges were not dropped because no user is specified in the config file.  If you intend to run as root, you can set user=root in the config file to avoid this message.
2023-11-26 22:14:23,425 INFO supervisord started with pid 1
2023-11-26 22:14:24,427 INFO spawned: 'dspaceAngular' with pid 9
2023-11-26 22:14:25,982 INFO success: dspaceAngular entered RUNNING state, process has stayed up for > than 1 seconds (startsecs)
2023-11-26 22:15:26,407 WARN received SIGTERM indicating exit request
2023-11-26 22:15:26,408 INFO waiting for dspaceAngular to die
2023-11-26 22:15:26,426 INFO stopped: dspaceAngular (terminated by SIGTERM)
2023-11-26 22:15:26,427 INFO reaped unknown pid 39
2023-11-26 22:15:26,427 INFO reaped unknown pid 10
2023-11-26 22:15:26,427 INFO reaped unknown pid 38
2023-11-26 22:15:27,615 CRIT Supervisor is running as root.  Privileges were not dropped because no user is specified in the config file.  If you intend to run as root, you can set user=root in the config file to avoid this message.
2023-11-26 22:15:27,618 INFO supervisord started with pid 1
2023-11-26 22:15:28,620 INFO spawned: 'dspaceAngular' with pid 8
2023-11-26 22:15:30,099 INFO success: dspaceAngular entered RUNNING state, process has stayed up for > than 1 seconds (startsecs)
2023-11-28 17:45:20,916 WARN received SIGTERM indicating exit request
2023-11-28 17:45:20,929 INFO waiting for dspaceAngular to die
2023-11-28 17:45:20,999 INFO stopped: dspaceAngular (terminated by SIGTERM)
2023-11-28 17:45:20,999 INFO reaped unknown pid 38
2023-11-28 17:45:20,999 INFO reaped unknown pid 9
2023-11-28 17:45:20,999 INFO reaped unknown pid 37
2023-11-28 17:45:22,625 CRIT Supervisor is running as root.  Privileges were not dropped because no user is specified in the config file.  If you intend to run as root, you can set user=root in the config file to avoid this message.
2023-11-28 17:45:22,637 INFO supervisord started with pid 1
2023-11-28 17:45:23,640 INFO spawned: 'dspaceAngular' with pid 9
2023-11-28 17:45:25,494 INFO success: dspaceAngular entered RUNNING state, process has stayed up for > than 1 seconds (startsecs)
2023-11-29 09:48:53,276 CRIT Supervisor is running as root.  Privileges were not dropped because no user is specified in the config file.  If you intend to run as root, you can set user=root in the config file to avoid this message.
2023-11-29 09:48:53,559 INFO supervisord started with pid 1
2023-11-29 09:48:54,574 INFO spawned: 'dspaceAngular' with pid 9
2023-11-29 09:48:55,828 INFO success: dspaceAngular entered RUNNING state, process has stayed up for > than 1 seconds (startsecs)
2023-12-02 11:28:17,700 WARN received SIGTERM indicating exit request
2023-12-02 11:28:17,711 INFO waiting for dspaceAngular to die
2023-12-02 11:28:17,820 INFO stopped: dspaceAngular (terminated by SIGTERM)
2023-12-02 11:28:17,820 INFO reaped unknown pid 39
2023-12-02 11:28:17,820 INFO reaped unknown pid 10
2023-12-02 11:28:17,820 INFO reaped unknown pid 38
2023-12-02 11:44:33,079 CRIT Supervisor is running as root.  Privileges were not dropped because no user is specified in the config file.  If you intend to run as root, you can set user=root in the config file to avoid this message.
2023-12-02 11:44:33,191 INFO supervisord started with pid 1
2023-12-02 11:44:34,215 INFO spawned: 'dspaceAngular' with pid 9
2023-12-02 11:44:35,541 INFO success: dspaceAngular entered RUNNING state, process has stayed up for > than 1 seconds (startsecs)
2023-12-02 13:50:41,910 CRIT Supervisor is running as root.  Privileges were not dropped because no user is specified in the config file.  If you intend to run as root, you can set user=root in the config file to avoid this message.
2023-12-02 13:50:41,966 INFO supervisord started with pid 1
2023-12-02 13:50:42,984 INFO spawned: 'dspaceAngular' with pid 8
2023-12-02 13:50:44,175 INFO success: dspaceAngular entered RUNNING state, process has stayed up for > than 1 seconds (startsecs)
2023-12-02 13:59:34,165 WARN received SIGTERM indicating exit request
2023-12-02 13:59:34,166 INFO waiting for dspaceAngular to die
2023-12-02 13:59:34,196 INFO stopped: dspaceAngular (terminated by SIGTERM)
2023-12-02 13:59:34,197 INFO reaped unknown pid 38
2023-12-02 13:59:34,197 INFO reaped unknown pid 9
2023-12-02 13:59:34,197 INFO reaped unknown pid 37
2023-12-02 14:01:33,697 CRIT Supervisor is running as root.  Privileges were not dropped because no user is specified in the config file.  If you intend to run as root, you can set user=root in the config file to avoid this message.
2023-12-02 14:01:33,702 INFO supervisord started with pid 1
2023-12-02 14:01:34,704 INFO spawned: 'dspaceAngular' with pid 9
2023-12-02 14:01:36,096 INFO success: dspaceAngular entered RUNNING state, process has stayed up for > than 1 seconds (startsecs)
2023-12-02 14:17:26,905 WARN received SIGTERM indicating exit request
2023-12-02 14:17:26,906 INFO waiting for dspaceAngular to die
2023-12-02 14:17:26,919 INFO stopped: dspaceAngular (terminated by SIGTERM)
2023-12-02 14:17:26,919 INFO reaped unknown pid 39
2023-12-02 14:17:26,919 INFO reaped unknown pid 10
2023-12-02 14:17:26,919 INFO reaped unknown pid 38
2023-12-02 14:17:28,180 CRIT Supervisor is running as root.  Privileges were not dropped because no user is specified in the config file.  If you intend to run as root, you can set user=root in the config file to avoid this message.
2023-12-02 14:17:28,183 INFO supervisord started with pid 1
2023-12-02 14:17:29,185 INFO spawned: 'dspaceAngular' with pid 8
2023-12-02 14:17:30,548 INFO success: dspaceAngular entered RUNNING state, process has stayed up for > than 1 seconds (startsecs)
2023-12-05 14:50:42,668 WARN received SIGTERM indicating exit request
2023-12-05 14:50:42,681 INFO waiting for dspaceAngular to die
2023-12-05 14:50:42,749 INFO stopped: dspaceAngular (terminated by SIGTERM)
2023-12-05 14:50:42,749 INFO reaped unknown pid 38
2023-12-05 14:50:42,749 INFO reaped unknown pid 9
2023-12-05 14:50:42,749 INFO reaped unknown pid 37
2023-12-05 14:50:44,668 CRIT Supervisor is running as root.  Privileges were not dropped because no user is specified in the config file.  If you intend to run as root, you can set user=root in the config file to avoid this message.
2023-12-05 14:50:44,679 INFO supervisord started with pid 1
2023-12-05 14:50:45,682 INFO spawned: 'dspaceAngular' with pid 8
2023-12-05 14:50:47,222 INFO success: dspaceAngular entered RUNNING state, process has stayed up for > than 1 seconds (startsecs)
2023-12-05 18:24:02,646 CRIT Supervisor is running as root.  Privileges were not dropped because no user is specified in the config file.  If you intend to run as root, you can set user=root in the config file to avoid this message.
2023-12-05 18:24:02,648 INFO supervisord started with pid 1
2023-12-05 18:24:03,650 INFO spawned: 'dspaceAngular' with pid 8
2023-12-05 18:24:03,666 INFO exited: dspaceAngular (exit status 0; not expected)
2023-12-05 18:24:04,669 INFO spawned: 'dspaceAngular' with pid 14
2023-12-05 18:24:05,677 INFO success: dspaceAngular entered RUNNING state, process has stayed up for > than 1 seconds (startsecs)
2023-12-05 18:24:05,677 INFO exited: dspaceAngular (exit status 0; expected)
2023-12-05 18:42:21,886 WARN received SIGTERM indicating exit request
2023-12-05 18:42:23,540 CRIT Supervisor is running as root.  Privileges were not dropped because no user is specified in the config file.  If you intend to run as root, you can set user=root in the config file to avoid this message.
2023-12-05 18:42:23,544 INFO supervisord started with pid 1
2023-12-05 18:42:24,547 INFO spawned: 'dspaceAngular' with pid 8
2023-12-05 18:42:26,448 INFO success: dspaceAngular entered RUNNING state, process has stayed up for > than 1 seconds (startsecs)
2023-12-05 19:06:52,094 WARN received SIGTERM indicating exit request
2023-12-05 19:06:52,096 INFO waiting for dspaceAngular to die
2023-12-05 19:06:52,118 INFO stopped: dspaceAngular (terminated by SIGTERM)
2023-12-05 19:06:52,118 INFO reaped unknown pid 38
2023-12-05 19:06:52,118 INFO reaped unknown pid 9
2023-12-05 19:06:52,118 INFO reaped unknown pid 37
2023-12-05 19:06:53,616 CRIT Supervisor is running as root.  Privileges were not dropped because no user is specified in the config file.  If you intend to run as root, you can set user=root in the config file to avoid this message.
2023-12-05 19:06:53,619 INFO supervisord started with pid 1
2023-12-05 19:06:54,622 INFO spawned: 'dspaceAngular' with pid 8
2023-12-05 19:06:55,907 INFO success: dspaceAngular entered RUNNING state, process has stayed up for > than 1 seconds (startsecs)
2023-12-07 09:57:36,219 WARN received SIGTERM indicating exit request
2023-12-07 09:57:36,234 INFO waiting for dspaceAngular to die
2023-12-07 09:57:36,357 INFO stopped: dspaceAngular (terminated by SIGTERM)
2023-12-07 09:57:36,358 INFO reaped unknown pid 38
2023-12-07 09:57:36,358 INFO reaped unknown pid 9
2023-12-07 09:57:36,358 INFO reaped unknown pid 37
2023-12-07 10:03:51,992 CRIT Supervisor is running as root.  Privileges were not dropped because no user is specified in the config file.  If you intend to run as root, you can set user=root in the config file to avoid this message.
2023-12-07 10:03:52,060 INFO supervisord started with pid 1
2023-12-07 10:03:53,062 INFO spawned: 'dspaceAngular' with pid 7
2023-12-07 10:03:54,177 INFO success: dspaceAngular entered RUNNING state, process has stayed up for > than 1 seconds (startsecs)
2023-12-07 13:43:34,231 WARN received SIGTERM indicating exit request
2023-12-07 13:43:34,234 INFO waiting for dspaceAngular to die
2023-12-07 13:43:34,258 INFO stopped: dspaceAngular (terminated by SIGTERM)
2023-12-07 13:43:34,258 INFO reaped unknown pid 37
2023-12-07 13:43:34,258 INFO reaped unknown pid 8
2023-12-07 13:43:34,258 INFO reaped unknown pid 36
2023-12-07 13:44:12,409 CRIT Supervisor is running as root.  Privileges were not dropped because no user is specified in the config file.  If you intend to run as root, you can set user=root in the config file to avoid this message.
2023-12-07 13:44:12,454 INFO supervisord started with pid 1
2023-12-07 13:44:13,456 INFO spawned: 'dspaceAngular' with pid 8
2023-12-07 13:44:14,569 INFO success: dspaceAngular entered RUNNING state, process has stayed up for > than 1 seconds (startsecs)
2023-12-11 20:27:13,744 WARN received SIGTERM indicating exit request
2023-12-11 20:27:13,756 INFO waiting for dspaceAngular to die
2023-12-11 20:27:13,864 INFO stopped: dspaceAngular (terminated by SIGTERM)
2023-12-11 20:27:13,864 INFO reaped unknown pid 38
2023-12-11 20:27:13,865 INFO reaped unknown pid 9
2023-12-11 20:27:13,865 INFO reaped unknown pid 37
2023-12-11 20:27:48,547 CRIT Supervisor is running as root.  Privileges were not dropped because no user is specified in the config file.  If you intend to run as root, you can set user=root in the config file to avoid this message.
2023-12-11 20:27:48,664 INFO supervisord started with pid 1
2023-12-11 20:27:49,666 INFO spawned: 'dspaceAngular' with pid 9
2023-12-11 20:27:50,791 INFO success: dspaceAngular entered RUNNING state, process has stayed up for > than 1 seconds (startsecs)
2023-12-11 20:29:18,348 WARN received SIGTERM indicating exit request
2023-12-11 20:29:18,349 INFO waiting for dspaceAngular to die
2023-12-11 20:29:18,425 INFO stopped: dspaceAngular (terminated by SIGTERM)
2023-12-11 20:29:18,425 INFO reaped unknown pid 10
2023-12-11 20:29:18,425 INFO reaped unknown pid 39
2023-12-11 20:29:18,426 INFO reaped unknown pid 38
2023-12-11 20:29:31,514 CRIT Supervisor is running as root.  Privileges were not dropped because no user is specified in the config file.  If you intend to run as root, you can set user=root in the config file to avoid this message.
2023-12-11 20:29:31,516 INFO supervisord started with pid 1
2023-12-11 20:29:32,519 INFO spawned: 'dspaceAngular' with pid 8
2023-12-11 20:29:33,978 INFO success: dspaceAngular entered RUNNING state, process has stayed up for > than 1 seconds (startsecs)
2023-12-13 17:13:01,362 WARN received SIGTERM indicating exit request
2023-12-13 17:13:01,372 INFO waiting for dspaceAngular to die
2023-12-13 17:13:01,429 INFO stopped: dspaceAngular (terminated by SIGTERM)
2023-12-13 17:13:01,429 INFO reaped unknown pid 38
2023-12-13 17:13:01,429 INFO reaped unknown pid 9
2023-12-13 17:13:01,429 INFO reaped unknown pid 37
2023-12-13 17:13:02,696 CRIT Supervisor is running as root.  Privileges were not dropped because no user is specified in the config file.  If you intend to run as root, you can set user=root in the config file to avoid this message.
2023-12-13 17:13:02,703 INFO supervisord started with pid 1
2023-12-13 17:13:03,705 INFO spawned: 'dspaceAngular' with pid 8
2023-12-13 17:13:05,073 INFO success: dspaceAngular entered RUNNING state, process has stayed up for > than 1 seconds (startsecs)
2023-12-13 17:48:32,416 WARN received SIGTERM indicating exit request
2023-12-13 17:48:32,425 INFO waiting for dspaceAngular to die
2023-12-13 17:48:32,447 INFO stopped: dspaceAngular (terminated by SIGTERM)
2023-12-13 17:48:32,447 INFO reaped unknown pid 38
2023-12-13 17:48:33,587 CRIT Supervisor is running as root.  Privileges were not dropped because no user is specified in the config file.  If you intend to run as root, you can set user=root in the config file to avoid this message.
2023-12-13 17:48:33,590 INFO supervisord started with pid 1
2023-12-13 17:48:34,592 INFO spawned: 'dspaceAngular' with pid 8
2023-12-13 17:48:35,739 INFO success: dspaceAngular entered RUNNING state, process has stayed up for > than 1 seconds (startsecs)
2023-12-13 18:05:56,479 WARN received SIGTERM indicating exit request
2023-12-13 18:05:56,479 INFO waiting for dspaceAngular to die
2023-12-13 18:05:56,498 INFO stopped: dspaceAngular (terminated by SIGTERM)
2023-12-13 18:05:56,498 INFO reaped unknown pid 38
2023-12-13 18:05:56,498 INFO reaped unknown pid 9
2023-12-13 18:05:56,498 INFO reaped unknown pid 37
2023-12-13 18:05:57,608 CRIT Supervisor is running as root.  Privileges were not dropped because no user is specified in the config file.  If you intend to run as root, you can set user=root in the config file to avoid this message.
2023-12-13 18:05:57,610 INFO supervisord started with pid 1
2023-12-13 18:05:58,613 INFO spawned: 'dspaceAngular' with pid 8
2023-12-13 18:05:59,770 INFO success: dspaceAngular entered RUNNING state, process has stayed up for > than 1 seconds (startsecs)
2023-12-18 18:21:27,313 WARN received SIGTERM indicating exit request
2023-12-18 18:21:27,325 INFO waiting for dspaceAngular to die
2023-12-18 18:21:27,384 INFO stopped: dspaceAngular (terminated by SIGTERM)
2023-12-18 18:21:27,384 INFO reaped unknown pid 38
2023-12-18 18:21:27,384 INFO reaped unknown pid 9
2023-12-18 18:21:27,385 INFO reaped unknown pid 37
2023-12-18 18:21:28,562 CRIT Supervisor is running as root.  Privileges were not dropped because no user is specified in the config file.  If you intend to run as root, you can set user=root in the config file to avoid this message.
2023-12-18 18:21:28,568 INFO supervisord started with pid 1
2023-12-18 18:21:29,570 INFO spawned: 'dspaceAngular' with pid 8
2023-12-18 18:21:30,968 INFO success: dspaceAngular entered RUNNING state, process has stayed up for > than 1 seconds (startsecs)
2023-12-18 18:30:28,649 WARN received SIGTERM indicating exit request
2023-12-18 18:30:28,650 INFO waiting for dspaceAngular to die
2023-12-18 18:30:28,664 INFO stopped: dspaceAngular (terminated by SIGTERM)
2023-12-18 18:30:28,664 INFO reaped unknown pid 38
2023-12-18 18:30:28,664 INFO reaped unknown pid 9
2023-12-18 18:30:28,664 INFO reaped unknown pid 37
2023-12-18 18:30:29,732 CRIT Supervisor is running as root.  Privileges were not dropped because no user is specified in the config file.  If you intend to run as root, you can set user=root in the config file to avoid this message.
2023-12-18 18:30:29,735 INFO supervisord started with pid 1
2023-12-18 18:30:30,737 INFO spawned: 'dspaceAngular' with pid 8
2023-12-18 18:30:31,871 INFO success: dspaceAngular entered RUNNING state, process has stayed up for > than 1 seconds (startsecs)
2023-12-18 20:10:44,767 WARN received SIGTERM indicating exit request
2023-12-18 20:10:44,768 INFO waiting for dspaceAngular to die
2023-12-18 20:10:44,789 INFO stopped: dspaceAngular (terminated by SIGTERM)
2023-12-18 20:10:44,789 INFO reaped unknown pid 38
2023-12-18 20:10:44,789 INFO reaped unknown pid 9
2023-12-18 20:10:44,789 INFO reaped unknown pid 37
2023-12-18 20:10:45,755 CRIT Supervisor is running as root.  Privileges were not dropped because no user is specified in the config file.  If you intend to run as root, you can set user=root in the config file to avoid this message.
2023-12-18 20:10:45,757 INFO supervisord started with pid 1
2023-12-18 20:10:46,759 INFO spawned: 'dspaceAngular' with pid 8
2023-12-18 20:10:47,904 INFO success: dspaceAngular entered RUNNING state, process has stayed up for > than 1 seconds (startsecs)
2023-12-18 20:12:00,431 WARN received SIGTERM indicating exit request
2023-12-18 20:12:00,432 INFO waiting for dspaceAngular to die
2023-12-18 20:12:00,459 INFO stopped: dspaceAngular (terminated by SIGTERM)
2023-12-18 20:12:00,460 INFO reaped unknown pid 38
2023-12-18 20:12:00,460 INFO reaped unknown pid 9
2023-12-18 20:12:00,460 INFO reaped unknown pid 37
2023-12-18 20:12:01,460 CRIT Supervisor is running as root.  Privileges were not dropped because no user is specified in the config file.  If you intend to run as root, you can set user=root in the config file to avoid this message.
2023-12-18 20:12:01,462 INFO supervisord started with pid 1
2023-12-18 20:12:02,465 INFO spawned: 'dspaceAngular' with pid 8
2023-12-18 20:12:03,777 INFO success: dspaceAngular entered RUNNING state, process has stayed up for > than 1 seconds (startsecs)
2023-12-18 20:14:39,622 WARN received SIGTERM indicating exit request
2023-12-18 20:14:39,623 INFO waiting for dspaceAngular to die
2023-12-18 20:14:39,652 INFO stopped: dspaceAngular (terminated by SIGTERM)
2023-12-18 20:14:39,652 INFO reaped unknown pid 38
2023-12-18 20:14:39,652 INFO reaped unknown pid 9
2023-12-18 20:14:39,652 INFO reaped unknown pid 37
2023-12-18 20:14:40,615 CRIT Supervisor is running as root.  Privileges were not dropped because no user is specified in the config file.  If you intend to run as root, you can set user=root in the config file to avoid this message.
2023-12-18 20:14:40,617 INFO supervisord started with pid 1
2023-12-18 20:14:41,619 INFO spawned: 'dspaceAngular' with pid 8
2023-12-18 20:14:42,958 INFO success: dspaceAngular entered RUNNING state, process has stayed up for > than 1 seconds (startsecs)
2023-12-18 22:18:09,023 WARN received SIGTERM indicating exit request
2023-12-18 22:18:09,024 INFO waiting for dspaceAngular to die
2023-12-18 22:18:09,049 INFO stopped: dspaceAngular (terminated by SIGTERM)
2023-12-18 22:18:09,049 INFO reaped unknown pid 38
2023-12-18 22:18:09,049 INFO reaped unknown pid 9
2023-12-18 22:18:09,049 INFO reaped unknown pid 37
2023-12-18 22:18:10,524 CRIT Supervisor is running as root.  Privileges were not dropped because no user is specified in the config file.  If you intend to run as root, you can set user=root in the config file to avoid this message.
2023-12-18 22:18:10,529 INFO supervisord started with pid 1
2023-12-18 22:18:11,531 INFO spawned: 'dspaceAngular' with pid 8
2023-12-18 22:18:12,750 INFO success: dspaceAngular entered RUNNING state, process has stayed up for > than 1 seconds (startsecs)
2023-12-19 05:57:30,845 WARN received SIGTERM indicating exit request
2023-12-19 05:57:30,849 INFO waiting for dspaceAngular to die
2023-12-19 05:57:30,895 INFO stopped: dspaceAngular (terminated by SIGTERM)
2023-12-19 05:57:30,896 INFO reaped unknown pid 38
2023-12-19 05:57:30,896 INFO reaped unknown pid 9
2023-12-19 05:57:30,896 INFO reaped unknown pid 37
2023-12-19 05:58:00,346 CRIT Supervisor is running as root.  Privileges were not dropped because no user is specified in the config file.  If you intend to run as root, you can set user=root in the config file to avoid this message.
2023-12-19 05:58:00,350 INFO supervisord started with pid 1
2023-12-19 05:58:01,351 INFO spawned: 'dspaceAngular' with pid 8
2023-12-19 05:58:02,762 INFO success: dspaceAngular entered RUNNING state, process has stayed up for > than 1 seconds (startsecs)
2023-12-19 05:58:16,145 WARN received SIGTERM indicating exit request
2023-12-19 05:58:16,146 INFO waiting for dspaceAngular to die
2023-12-19 05:58:16,186 INFO stopped: dspaceAngular (terminated by SIGTERM)
2023-12-19 05:58:16,186 INFO reaped unknown pid 38
2023-12-19 05:58:16,186 INFO reaped unknown pid 9
2023-12-19 05:58:16,186 INFO reaped unknown pid 37
2023-12-19 05:58:44,615 CRIT Supervisor is running as root.  Privileges were not dropped because no user is specified in the config file.  If you intend to run as root, you can set user=root in the config file to avoid this message.
2023-12-19 05:58:44,617 INFO supervisord started with pid 1
2023-12-19 05:58:45,619 INFO spawned: 'dspaceAngular' with pid 8
2023-12-19 05:58:47,172 INFO success: dspaceAngular entered RUNNING state, process has stayed up for > than 1 seconds (startsecs)
2023-12-19 22:17:12,168 WARN received SIGTERM indicating exit request
2023-12-19 22:17:12,175 INFO waiting for dspaceAngular to die
2023-12-19 22:17:12,196 INFO stopped: dspaceAngular (terminated by SIGTERM)
2023-12-19 22:17:12,196 INFO reaped unknown pid 38
2023-12-19 22:17:12,196 INFO reaped unknown pid 9
2023-12-19 22:17:12,196 INFO reaped unknown pid 37
2023-12-19 22:17:43,008 CRIT Supervisor is running as root.  Privileges were not dropped because no user is specified in the config file.  If you intend to run as root, you can set user=root in the config file to avoid this message.
2023-12-19 22:17:43,112 INFO supervisord started with pid 1
2023-12-19 22:17:44,114 INFO spawned: 'dspaceAngular' with pid 8
2023-12-19 22:17:45,373 INFO success: dspaceAngular entered RUNNING state, process has stayed up for > than 1 seconds (startsecs)
2023-12-19 22:27:35,502 WARN received SIGTERM indicating exit request
2023-12-19 22:27:35,502 INFO waiting for dspaceAngular to die
2023-12-19 22:27:35,520 INFO stopped: dspaceAngular (terminated by SIGTERM)
2023-12-19 22:27:35,520 INFO reaped unknown pid 38
2023-12-19 22:27:35,520 INFO reaped unknown pid 9
2023-12-19 22:27:35,520 INFO reaped unknown pid 37
2023-12-19 22:27:49,271 CRIT Supervisor is running as root.  Privileges were not dropped because no user is specified in the config file.  If you intend to run as root, you can set user=root in the config file to avoid this message.
2023-12-19 22:27:49,274 INFO supervisord started with pid 1
2023-12-19 22:27:50,277 INFO spawned: 'dspaceAngular' with pid 8
2023-12-19 22:27:51,803 INFO success: dspaceAngular entered RUNNING state, process has stayed up for > than 1 seconds (startsecs)
2023-12-21 12:28:15,177 WARN received SIGTERM indicating exit request
2023-12-21 12:28:15,181 INFO waiting for dspaceAngular to die
2023-12-21 12:28:15,218 INFO stopped: dspaceAngular (terminated by SIGTERM)
2023-12-21 12:28:15,218 INFO reaped unknown pid 38
2023-12-21 12:28:15,218 INFO reaped unknown pid 9
2023-12-21 12:28:15,218 INFO reaped unknown pid 37
2023-12-21 12:28:16,424 CRIT Supervisor is running as root.  Privileges were not dropped because no user is specified in the config file.  If you intend to run as root, you can set user=root in the config file to avoid this message.
2023-12-21 12:28:16,429 INFO supervisord started with pid 1
2023-12-21 12:28:17,431 INFO spawned: 'dspaceAngular' with pid 8
2023-12-21 12:28:18,732 INFO success: dspaceAngular entered RUNNING state, process has stayed up for > than 1 seconds (startsecs)
2023-12-21 17:03:57,653 WARN received SIGTERM indicating exit request
2023-12-21 17:03:57,653 INFO waiting for dspaceAngular to die
2023-12-21 17:03:57,665 INFO stopped: dspaceAngular (terminated by SIGTERM)
2023-12-21 17:03:57,665 INFO reaped unknown pid 38
2023-12-21 17:03:57,665 INFO reaped unknown pid 9
2023-12-21 17:03:57,665 INFO reaped unknown pid 37
2023-12-21 17:03:58,617 CRIT Supervisor is running as root.  Privileges were not dropped because no user is specified in the config file.  If you intend to run as root, you can set user=root in the config file to avoid this message.
2023-12-21 17:03:58,619 INFO supervisord started with pid 1
2023-12-21 17:03:59,621 INFO spawned: 'dspaceAngular' with pid 8
2023-12-21 17:04:00,721 INFO success: dspaceAngular entered RUNNING state, process has stayed up for > than 1 seconds (startsecs)
2023-12-21 17:09:29,830 WARN received SIGTERM indicating exit request
2023-12-21 17:09:29,830 INFO waiting for dspaceAngular to die
2023-12-21 17:09:29,843 INFO stopped: dspaceAngular (terminated by SIGTERM)
2023-12-21 17:09:29,843 INFO reaped unknown pid 38
2023-12-21 17:09:29,844 INFO reaped unknown pid 9
2023-12-21 17:09:29,844 INFO reaped unknown pid 37
2023-12-21 17:09:30,912 CRIT Supervisor is running as root.  Privileges were not dropped because no user is specified in the config file.  If you intend to run as root, you can set user=root in the config file to avoid this message.
2023-12-21 17:09:30,914 INFO supervisord started with pid 1
2023-12-21 17:09:31,916 INFO spawned: 'dspaceAngular' with pid 8
2023-12-21 17:09:33,052 INFO success: dspaceAngular entered RUNNING state, process has stayed up for > than 1 seconds (startsecs)
2023-12-21 17:27:38,283 WARN received SIGTERM indicating exit request
2023-12-21 17:27:38,284 INFO waiting for dspaceAngular to die
2023-12-21 17:27:38,308 INFO stopped: dspaceAngular (terminated by SIGTERM)
2023-12-21 17:27:38,308 INFO reaped unknown pid 38
2023-12-21 17:27:38,308 INFO reaped unknown pid 9
2023-12-21 17:27:38,308 INFO reaped unknown pid 37
2023-12-21 17:27:39,552 CRIT Supervisor is running as root.  Privileges were not dropped because no user is specified in the config file.  If you intend to run as root, you can set user=root in the config file to avoid this message.
2023-12-21 17:27:39,555 INFO supervisord started with pid 1
2023-12-21 17:27:40,558 INFO spawned: 'dspaceAngular' with pid 8
2023-12-21 17:27:41,764 INFO success: dspaceAngular entered RUNNING state, process has stayed up for > than 1 seconds (startsecs)
2023-12-21 18:00:12,358 WARN received SIGTERM indicating exit request
2023-12-21 18:00:12,359 INFO waiting for dspaceAngular to die
2023-12-21 18:00:12,373 INFO stopped: dspaceAngular (terminated by SIGTERM)
2023-12-21 18:00:12,373 INFO reaped unknown pid 38
2023-12-21 18:00:12,373 INFO reaped unknown pid 9
2023-12-21 18:00:12,373 INFO reaped unknown pid 37
2023-12-21 18:00:13,266 CRIT Supervisor is running as root.  Privileges were not dropped because no user is specified in the config file.  If you intend to run as root, you can set user=root in the config file to avoid this message.
2023-12-21 18:00:13,268 INFO supervisord started with pid 1
2023-12-21 18:00:14,270 INFO spawned: 'dspaceAngular' with pid 8
2023-12-21 18:00:15,427 INFO success: dspaceAngular entered RUNNING state, process has stayed up for > than 1 seconds (startsecs)
2023-12-21 18:03:35,398 WARN received SIGTERM indicating exit request
2023-12-21 18:03:35,399 INFO waiting for dspaceAngular to die
2023-12-21 18:03:35,418 INFO stopped: dspaceAngular (terminated by SIGTERM)
2023-12-21 18:03:35,418 INFO reaped unknown pid 9
2023-12-21 18:03:35,418 INFO reaped unknown pid 38
2023-12-21 18:03:35,418 INFO reaped unknown pid 37
2023-12-21 18:03:36,368 CRIT Supervisor is running as root.  Privileges were not dropped because no user is specified in the config file.  If you intend to run as root, you can set user=root in the config file to avoid this message.
2023-12-21 18:03:36,370 INFO supervisord started with pid 1
2023-12-21 18:03:37,372 INFO spawned: 'dspaceAngular' with pid 8
2023-12-21 18:03:38,495 INFO success: dspaceAngular entered RUNNING state, process has stayed up for > than 1 seconds (startsecs)
2023-12-21 18:05:58,553 WARN received SIGTERM indicating exit request
2023-12-21 18:05:58,553 INFO waiting for dspaceAngular to die
2023-12-21 18:05:58,568 INFO stopped: dspaceAngular (terminated by SIGTERM)
2023-12-21 18:05:58,569 INFO reaped unknown pid 38
2023-12-21 18:05:58,569 INFO reaped unknown pid 9
2023-12-21 18:05:58,569 INFO reaped unknown pid 37
2023-12-21 18:05:59,521 CRIT Supervisor is running as root.  Privileges were not dropped because no user is specified in the config file.  If you intend to run as root, you can set user=root in the config file to avoid this message.
2023-12-21 18:05:59,524 INFO supervisord started with pid 1
2023-12-21 18:06:00,526 INFO spawned: 'dspaceAngular' with pid 8
2023-12-21 18:06:01,666 INFO success: dspaceAngular entered RUNNING state, process has stayed up for > than 1 seconds (startsecs)
